#
# There is insufficient memory for the Java Runtime Environment to continue.
# Native memory allocation (mmap) failed to map 67108864 bytes for G1 virtual space
# Possible reasons:
#   The system is out of physical RAM or swap space
#   The process is running with CompressedOops enabled, and the Java Heap may be blocking the growth of the native heap
# Possible solutions:
#   Reduce memory load on the system
#   Increase physical memory or swap space
#   Check if swap backing store is full
#   Decrease Java heap size (-Xmx/-Xms)
#   Decrease number of Java threads
#   Decrease Java thread stack sizes (-Xss)
#   Set larger code cache with -XX:ReservedCodeCacheSize=
#   JVM is running with Unscaled Compressed Oops mode in which the Java heap is
#     placed in the first 4GB address space. The Java Heap base address is the
#     maximum limit for the native heap growth. Please use -XX:HeapBaseMinAddress
#     to set the Java Heap base and to place the Java Heap above 4GB virtual address.
# This output file may be truncated or incomplete.
#
#  Out of Memory Error (os_windows.cpp:3825), pid=12824, tid=10136
#
# JRE version:  (17.0.10+8) (build )
# Java VM: OpenJDK 64-Bit Server VM (17.0.10+8-b1207.12, mixed mode, sharing, tiered, compressed oops, compressed class ptrs, g1 gc, windows-amd64)
# No core dump will be written. Minidumps are not enabled by default on client versions of Windows
#

---------------  S U M M A R Y ------------

Command Line: git4idea.http.GitAskPassApp Username for 'https://github.com': 

Host: Intel(R) Core(TM) i5-7200U CPU @ 2.50GHz, 4 cores, 3G,  Windows 10 , 64 bit Build 19041 (10.0.19041.3636)
Time: Thu Apr 25 13:51:30 2024 RTZ 2 (s 10 , 64 bit Build 19041 (10.0.19041.3636) elapsed time: 0.029463 seconds (0d 0h 0m 0s)

---------------  T H R E A D  ---------------

Current thread (0x00000272a5eceae0):  JavaThread "Unknown thread" [_thread_in_vm, id=10136, stack(0x000000ba80900000,0x000000ba80a00000)]

Stack: [0x000000ba80900000,0x000000ba80a00000]
Native frames: (J=compiled Java code, j=interpreted, Vv=VM code, C=native code)
V  [jvm.dll+0x687989]
V  [jvm.dll+0x84116a]
V  [jvm.dll+0x842dae]
V  [jvm.dll+0x843413]
V  [jvm.dll+0x249ccf]
V  [jvm.dll+0x684759]
V  [jvm.dll+0x67900a]
V  [jvm.dll+0x30ab0b]
V  [jvm.dll+0x311fb6]
V  [jvm.dll+0x361d5e]
V  [jvm.dll+0x361f8f]
V  [jvm.dll+0x2e07f8]
V  [jvm.dll+0x2e1764]
V  [jvm.dll+0x811c31]
V  [jvm.dll+0x36fc11]
V  [jvm.dll+0x7f0666]
V  [jvm.dll+0x3f3daf]
V  [jvm.dll+0x3f5a41]
C  [jli.dll+0x528f]
C  [ucrtbase.dll+0x21bb2]
C  [KERNEL32.DLL+0x17344]
C  [ntdll.dll+0x526b1]


---------------  P R O C E S S  ---------------

Threads class SMR info:
_java_thread_list=0x00007ffefafcdf58, length=0, elements={
}

Java Threads: ( => current thread )

Other Threads:
  0x00000272a5f09ff0 GCTaskThread "GC Thread#0" [stack: 0x000000ba80a00000,0x000000ba80b00000] [id=3288]
  0x00000272a5f12b90 ConcurrentGCThread "G1 Main Marker" [stack: 0x000000ba80b00000,0x000000ba80c00000] [id=380]
  0x00000272a5f160e0 ConcurrentGCThread "G1 Conc#0" [stack: 0x000000ba80c00000,0x000000ba80d00000] [id=13168]

[error occurred during error reporting (printing all threads), id 0xc0000005, EXCEPTION_ACCESS_VIOLATION (0xc0000005) at pc=0x00007ffefa7813c7]

VM state: not at safepoint (not fully initialized)

VM Mutex/Monitor currently owned by a thread:  ([mutex/lock_event])
[0x00000272a5ecaa90] Heap_lock - owner thread: 0x00000272a5eceae0

Heap address: 0x00000000c1600000, size: 1002 MB, Compressed Oops mode: 32-bit

CDS archive(s) mapped at: [0x0000000000000000-0x0000000000000000-0x0000000000000000), size 0, SharedBaseAddress: 0x0000000800000000, ArchiveRelocationMode: 1.
Narrow klass base: 0x0000000000000000, Narrow klass shift: 0, Narrow klass range: 0x0

GC Precious Log:
<Empty>

Heap:
 garbage-first heap   total 0K, used 0K [0x00000000c1600000, 0x0000000100000000)
  region size 1024K, 0 young (0K), 0 survivors (0K)
 Metaspace       used 0K, committed 0K, reserved 0K
  class space    used 0K, committed 0K, reserved 0K

Heap Regions: E=young(eden), S=young(survivor), O=old, HS=humongous(starts), HC=humongous(continues), CS=collection set, F=free, OA=open archive, CA=closed archive, TAMS=top-at-mark-start (previous, next)

Card table byte_map: [0x00000272b8830000,0x00000272b8a30000] _byte_map_base: 0x00000272b8225000

Marking Bits (Prev, Next): (CMBitMap*) 0x00000272a5f0a520, (CMBitMap*) 0x00000272a5f0a560
 Prev Bits: [0x00000272b8c30000, 0x00000272b9bd8000)
 Next Bits: [0x00000272b9be0000, 0x00000272bab88000)

GC Heap History (0 events):
No events

Dll operation events (1 events):
Event: 0.015 Loaded shared library C:\Program Files\JetBrains\IntelliJ IDEA 2024.1\jbr\bin\java.dll

Deoptimization events (0 events):
No events

Classes unloaded (0 events):
No events

Classes redefined (0 events):
No events

Internal exceptions (0 events):
No events

VM Operations (0 events):
No events

Events (0 events):
No events


Dynamic libraries:
0x00007ff671ed0000 - 0x00007ff671eda000 	C:\Program Files\JetBrains\IntelliJ IDEA 2024.1\jbr\bin\java.exe
0x00007fff47170000 - 0x00007fff47368000 	C:\WINDOWS\SYSTEM32\ntdll.dll
0x00007fff46480000 - 0x00007fff4653d000 	C:\WINDOWS\System32\KERNEL32.DLL
0x00007fff44940000 - 0x00007fff44c36000 	C:\WINDOWS\System32\KERNELBASE.dll
0x00007fff44dd0000 - 0x00007fff44ed0000 	C:\WINDOWS\System32\ucrtbase.dll
0x00007fff38b90000 - 0x00007fff38ba7000 	C:\Program Files\JetBrains\IntelliJ IDEA 2024.1\jbr\bin\jli.dll
0x00007fff1cd90000 - 0x00007fff1cdab000 	C:\Program Files\JetBrains\IntelliJ IDEA 2024.1\jbr\bin\VCRUNTIME140.dll
0x00007fff45350000 - 0x00007fff454ef000 	C:\WINDOWS\System32\USER32.dll
0x00007fff44ed0000 - 0x00007fff44ef2000 	C:\WINDOWS\System32\win32u.dll
0x00007fff470d0000 - 0x00007fff470fb000 	C:\WINDOWS\System32\GDI32.dll
0x00007fff44f50000 - 0x00007fff45067000 	C:\WINDOWS\System32\gdi32full.dll
0x00007fff447f0000 - 0x00007fff4488d000 	C:\WINDOWS\System32\msvcp_win.dll
0x00007fff43b20000 - 0x00007fff43dba000 	C:\WINDOWS\WinSxS\amd64_microsoft.windows.common-controls_6595b64144ccf1df_6.0.19041.3636_none_60b6a03d71f818d5\COMCTL32.dll
0x00007fff45170000 - 0x00007fff4520e000 	C:\WINDOWS\System32\msvcrt.dll
0x00007fff45710000 - 0x00007fff45742000 	C:\WINDOWS\System32\IMM32.DLL
0x000000005df80000 - 0x000000005df8c000 	C:\Program Files (x86)\360\Total Security\safemon\SafeWrapper.dll
0x00007fff465d0000 - 0x00007fff46680000 	C:\WINDOWS\System32\ADVAPI32.dll
0x00007fff47030000 - 0x00007fff470d0000 	C:\WINDOWS\System32\sechost.dll
0x00007fff455e0000 - 0x00007fff45703000 	C:\WINDOWS\System32\RPCRT4.dll
0x00007fff44c40000 - 0x00007fff44c67000 	C:\WINDOWS\System32\bcrypt.dll
0x00007fff353f0000 - 0x00007fff35482000 	C:\Program Files (x86)\360\Total Security\safemon\libzdtp64.dll
0x00007fff45c40000 - 0x00007fff463ab000 	C:\WINDOWS\System32\SHELL32.dll
0x00007fff45580000 - 0x00007fff455d5000 	C:\WINDOWS\System32\SHLWAPI.dll
0x00007fff44500000 - 0x00007fff4450a000 	C:\WINDOWS\SYSTEM32\VERSION.dll
0x00007fff35330000 - 0x00007fff3533c000 	C:\Program Files\JetBrains\IntelliJ IDEA 2024.1\jbr\bin\vcruntime140_1.dll
0x00007fff0a040000 - 0x00007fff0a0cd000 	C:\Program Files\JetBrains\IntelliJ IDEA 2024.1\jbr\bin\msvcp140.dll
0x00007ffefa490000 - 0x00007ffefb112000 	C:\Program Files\JetBrains\IntelliJ IDEA 2024.1\jbr\bin\server\jvm.dll
0x00007fff26f40000 - 0x00007fff26f67000 	C:\WINDOWS\SYSTEM32\WINMM.dll
0x00007fff44160000 - 0x00007fff44169000 	C:\WINDOWS\SYSTEM32\WSOCK32.dll
0x00007fff45750000 - 0x00007fff457bb000 	C:\WINDOWS\System32\WS2_32.dll
0x00007fff44110000 - 0x00007fff4415b000 	C:\WINDOWS\SYSTEM32\POWRPROF.dll
0x00007fff43df0000 - 0x00007fff43e02000 	C:\WINDOWS\SYSTEM32\UMPDC.dll
0x00007fff42260000 - 0x00007fff42272000 	C:\WINDOWS\SYSTEM32\kernel.appcore.dll
0x00007fff3f720000 - 0x00007fff3f72a000 	C:\Program Files\JetBrains\IntelliJ IDEA 2024.1\jbr\bin\jimage.dll
0x00007fff441e0000 - 0x00007fff443c4000 	C:\WINDOWS\SYSTEM32\DBGHELP.DLL
0x00007fff440d0000 - 0x00007fff44104000 	C:\WINDOWS\SYSTEM32\dbgcore.DLL
0x00007fff45070000 - 0x00007fff450f2000 	C:\WINDOWS\System32\bcryptPrimitives.dll
0x00007fff3f6f0000 - 0x00007fff3f715000 	C:\Program Files\JetBrains\IntelliJ IDEA 2024.1\jbr\bin\java.dll

dbghelp: loaded successfully - version: 4.0.5 - missing functions: none
symbol engine: initialized successfully - sym options: 0x614 - pdb path: .;C:\Program Files\JetBrains\IntelliJ IDEA 2024.1\jbr\bin;C:\WINDOWS\SYSTEM32;C:\WINDOWS\WinSxS\amd64_microsoft.windows.common-controls_6595b64144ccf1df_6.0.19041.3636_none_60b6a03d71f818d5;C:\Program Files (x86)\360\Total Security\safemon;C:\Program Files\JetBrains\IntelliJ IDEA 2024.1\jbr\bin\server

VM Arguments:
java_command: git4idea.http.GitAskPassApp Username for 'https://github.com': 
java_class_path (initial): C:/Program Files/JetBrains/IntelliJ IDEA 2024.1/plugins/vcs-git/lib/git4idea-rt.jar;C:/Program Files/JetBrains/IntelliJ IDEA 2024.1/lib/externalProcess-rt.jar
Launcher Type: SUN_STANDARD

[Global flags]
     intx CICompilerCount                          = 3                                         {product} {ergonomic}
     uint ConcGCThreads                            = 1                                         {product} {ergonomic}
     uint G1ConcRefinementThreads                  = 4                                         {product} {ergonomic}
   size_t G1HeapRegionSize                         = 1048576                                   {product} {ergonomic}
    uintx GCDrainStackTargetSize                   = 64                                        {product} {ergonomic}
   size_t InitialHeapSize                          = 67108864                                  {product} {ergonomic}
   size_t MarkStackSize                            = 4194304                                   {product} {ergonomic}
   size_t MaxHeapSize                              = 1050673152                                {product} {ergonomic}
   size_t MinHeapDeltaBytes                        = 1048576                                   {product} {ergonomic}
   size_t MinHeapSize                              = 8388608                                   {product} {ergonomic}
    uintx NonNMethodCodeHeapSize                   = 5832780                                {pd product} {ergonomic}
    uintx NonProfiledCodeHeapSize                  = 122912730                              {pd product} {ergonomic}
    uintx ProfiledCodeHeapSize                     = 122912730                              {pd product} {ergonomic}
    uintx ReservedCodeCacheSize                    = 251658240                              {pd product} {ergonomic}
     bool SegmentedCodeCache                       = true                                      {product} {ergonomic}
   size_t SoftMaxHeapSize                          = 1050673152                             {manageable} {ergonomic}
     bool UseCompressedClassPointers               = true                           {product lp64_product} {ergonomic}
     bool UseCompressedOops                        = true                           {product lp64_product} {ergonomic}
     bool UseG1GC                                  = true                                      {product} {ergonomic}
     bool UseLargePagesIndividualAllocation        = false                                  {pd product} {ergonomic}

Logging:
Log output configuration:
 #0: stdout all=warning uptime,level,tags
 #1: stderr all=off uptime,level,tags

Environment Variables:
PATH=C:\Program Files\Git\mingw64\libexec\git-core;C:\Program Files\Git\mingw64\libexec\git-core;C:\Program Files\Git\mingw64\bin;C:\Program Files\Git\usr\bin;C:\Users\lenovo\bin;C:\Program Files (x86)\Intel\iCLS Client;C:\Program Files\Intel\iCLS Client;C:\WINDOWS\system32;C:\WINDOWS;C:\WINDOWS\System32\Wbem;C:\WINDOWS\System32\WindowsPowerShell\v1.0;C:\Program Files (x86)\Intel\Intel(R) Management Engine Components\DAL;C:\Program Files\Intel\Intel(R) Management Engine Components\DAL;C:\Program Files (x86)\Intel\Intel(R) Management Engine Components\IPT;C:\Program Files\Intel\Intel(R) Management Engine Components\IPT;C:\WINDOWS\System32\OpenSSH;C:\Program Files\Docker\Docker\resources\bin;C:\Program Files\Git\cmd;C:\ProgramData\chocolatey\bin;C:\Program Files\MySQL\MySQL Shell 8.0\bin;C:\Users\lenovo\Desktop\Python\Scripts;C:\Users\lenovo\Desktop\Python;C:\Users\lenovo\AppData\Local\Microsoft\WindowsApps;C:\Users\lenovo\AppData\Local\Programs\Microsoft VS Code\bin;C:\Program Files\JetBrains\IntelliJ IDEA Community Edition 2023.3.4\bin;C:\intelFPGA\19.1\modelsim_ase\win32aloem
USERNAME=lenovo
DISPLAY=:0.0
LC_ALL=en_US.UTF-8
TERM=xterm-256color
TMPDIR=C:\Users\lenovo\AppData\Local\Temp
OS=Windows_NT
PROCESSOR_IDENTIFIER=Intel64 Family 6 Model 142 Stepping 9, GenuineIntel
TMP=C:\Users\lenovo\AppData\Local\Temp
TEMP=C:\Users\lenovo\AppData\Local\Temp



Periodic native trim disabled

JNI global refs:
JNI global refs: 0, weak refs: 0

JNI global refs memory usage: 0, weak refs: 0

OOME stack traces (most recent first):
Classloader memory used:


---------------  S Y S T E M  ---------------

OS:
 Windows 10 , 64 bit Build 19041 (10.0.19041.3636)
OS uptime: 0 days 14:05 hours
Hyper-V role detected

CPU: total 4 (initial active 4) (2 cores per cpu, 2 threads per core) family 6 model 142 stepping 9 microcode 0xea, cx8, cmov, fxsr, ht, mmx, 3dnowpref, sse, sse2, sse3, ssse3, sse4.1, sse4.2, popcnt, lzcnt, tsc, tscinvbit, avx, avx2, aes, erms, clmul, bmi1, bmi2, adx, fma, vzeroupper, clflush, clflushopt, hv
Processor Information for all 4 processors :
  Max Mhz: 2712, Current Mhz: 2511, Mhz Limit: 2495

Memory: 4k page, system-wide physical 4005M (365M free)
TotalPageFile size 12069M (AvailPageFile size 16M)
current process WorkingSet (physical memory assigned to process): 11M, peak: 11M
current process commit charge ("private bytes"): 52M, peak: 115M

vm_info: OpenJDK 64-Bit Server VM (17.0.10+8-b1207.12) for windows-amd64 JRE (17.0.10+8-b1207.12), built on 2024-03-15 by "builduser" with MS VC++ 16.10 / 16.11 (VS2019)

END.
